2014-01-25 11:31:47,651 ERROR [main] - System.err - log4j:WARN No appenders could be found for logger (org.springsource.ide.eclipse.commons.core.templates.TemplateProcessor).
2014-01-25 11:31:47,651 ERROR [main] - System.err - log4j:WARN Please initialize the log4j system properly.
2014-01-25 11:36:47,501 ERROR [main] - System.err - log4j:WARN No appenders could be found for logger (org.springsource.ide.eclipse.commons.core.templates.TemplateProcessor).
2014-01-25 11:36:47,502 ERROR [main] - System.err - log4j:WARN Please initialize the log4j system properly.
2014-01-25 11:40:25,590 ERROR [main] - System.err - log4j:WARN No appenders could be found for logger (org.springsource.ide.eclipse.commons.core.templates.TemplateProcessor).
2014-01-25 11:40:25,591 ERROR [main] - System.err - log4j:WARN Please initialize the log4j system properly.
2014-01-25 11:45:06,670 ERROR [main] - System.err - log4j:WARN No appenders could be found for logger (org.springsource.ide.eclipse.commons.core.templates.TemplateProcessor).
2014-01-25 11:45:06,670 ERROR [main] - System.err - log4j:WARN Please initialize the log4j system properly.
2014-01-28 10:10:55,021 ERROR [main] - System.err - log4j:WARN No appenders could be found for logger (org.springsource.ide.eclipse.commons.core.templates.TemplateProcessor).
2014-01-28 10:10:55,022 ERROR [main] - System.err - log4j:WARN Please initialize the log4j system properly.
2014-01-28 10:45:59,425 ERROR [Worker-14] - System.err - Jan 28, 2014 10:45:59 AM com.aragost.javahg.log.JULLogger info
INFO: Copy resource /javahg.py to /Users/keith/.javahg/tmp/1390905959386-0/javahg.py
2014-01-28 10:46:00,601 ERROR [Worker-14] - System.err - Jan 28, 2014 10:46:00 AM com.aragost.javahg.log.JULLogger info
INFO: Command server started: /Users/keith
2014-01-28 10:46:30,721 ERROR [Worker-12] - System.err - java.lang.reflect.InvocationTargetException
2014-01-28 10:46:30,721 ERROR [Worker-12] - System.err - at sun.reflect.NativeMethodAccessorImpl.invoke0(Native Method)
2014-01-28 10:46:30,721 ERROR [Worker-12] - System.err - at sun.reflect.NativeMethodAccessorImpl.invoke(NativeMethodAccessorImpl.java:62)
2014-01-28 10:46:30,721 ERROR [Worker-12] - System.err - at sun.reflect.DelegatingMethodAccessorImpl.invoke(DelegatingMethodAccessorImpl.java:43)
2014-01-28 10:46:30,721 ERROR [Worker-12] - System.err - at java.lang.reflect.Method.invoke(Method.java:483)
2014-01-28 10:46:30,721 ERROR [Worker-12] - System.err - at org.springframework.ide.eclipse.roo.core.RooCoreActivator.invokeMethod(RooCoreActivator.java:100)
2014-01-28 10:46:30,721 ERROR [Worker-12] - System.err - at org.springframework.ide.eclipse.roo.core.RooCoreActivator.registerHttpPgpUrlHandler(RooCoreActivator.java:127)
2014-01-28 10:46:30,721 ERROR [Worker-12] - System.err - at org.springframework.ide.eclipse.roo.core.RooCoreActivator.access$0(RooCoreActivator.java:107)
2014-01-28 10:46:30,721 ERROR [Worker-12] - System.err - at org.springframework.ide.eclipse.roo.core.RooCoreActivator$1.run(RooCoreActivator.java:78)
2014-01-28 10:46:30,721 ERROR [Worker-12] - System.err - at org.eclipse.core.internal.jobs.Worker.run(Worker.java:53)
2014-01-28 10:46:30,722 ERROR [Worker-12] - System.err - Caused by: java.lang.NullPointerException
2014-01-28 10:46:30,722 ERROR [Worker-12] - System.err - at org.eclipse.equinox.weaving.adaptors.WeavingAdaptorFactory.getHost(WeavingAdaptorFactory.java:102)
2014-01-28 10:46:30,722 ERROR [Worker-12] - System.err - at org.eclipse.equinox.weaving.hooks.WeavingHook.getHostBundleAdaptor(WeavingHook.java:78)
2014-01-28 10:46:30,722 ERROR [Worker-12] - System.err - at org.eclipse.equinox.weaving.hooks.BundleAdaptorProvider.getAdaptor(BundleAdaptorProvider.java:32)
2014-01-28 10:46:30,722 ERROR [Worker-12] - System.err - at org.eclipse.equinox.weaving.hooks.AbstractWeavingBundleFile.getAdaptor(AbstractWeavingBundleFile.java:58)
2014-01-28 10:46:30,722 ERROR [Worker-12] - System.err - at org.eclipse.equinox.weaving.hooks.WeavingBundleFile.getEntry(WeavingBundleFile.java:61)
2014-01-28 10:46:30,722 ERROR [Worker-12] - System.err - at org.eclipse.osgi.baseadaptor.bundlefile.BundleFileWrapperChain.getEntry(BundleFileWrapperChain.java:43)
2014-01-28 10:46:30,723 ERROR [Worker-12] - System.err - at org.eclipse.osgi.baseadaptor.BaseData.getEntry0(BaseData.java:114)
2014-01-28 10:46:30,723 ERROR [Worker-12] - System.err - at org.eclipse.osgi.baseadaptor.BaseData.getEntry(BaseData.java:105)
2014-01-28 10:46:30,723 ERROR [Worker-12] - System.err - at org.eclipse.osgi.baseadaptor.BaseAdaptor$4.getNextElement(BaseAdaptor.java:559)
2014-01-28 10:46:30,723 ERROR [Worker-12] - System.err - at org.eclipse.osgi.baseadaptor.BaseAdaptor$4.nextElement(BaseAdaptor.java:546)
2014-01-28 10:46:30,723 ERROR [Worker-12] - System.err - at org.eclipse.osgi.baseadaptor.BaseAdaptor$4.nextElement(BaseAdaptor.java:1)
2014-01-28 10:46:30,723 ERROR [Worker-12] - System.err - at org.springframework.roo.support.osgi.OSGiUtils$2.execute(OSGiUtils.java:101)
2014-01-28 10:46:30,723 ERROR [Worker-12] - System.err - at org.springframework.roo.support.osgi.OSGiUtils.execute(OSGiUtils.java:138)
2014-01-28 10:46:30,723 ERROR [Worker-12] - System.err - at org.springframework.roo.support.osgi.OSGiUtils.findEntriesByPattern(OSGiUtils.java:95)
2014-01-28 10:46:30,723 ERROR [Worker-12] - System.err - at org.springframework.roo.felix.pgp.PgpServiceImpl.trustDefaultKeys(PgpServiceImpl.java:98)
2014-01-28 10:46:30,723 ERROR [Worker-12] - System.err - ... 9 more
2014-01-28 10:46:34,155 ERROR [Worker-8] - System.err - Jan 28, 2014 10:46:34 AM org.apache.http.client.protocol.ResponseProcessCookies processCookies
WARNING: Invalid cookie header: "Set-Cookie: webflash=; expires="Thu, 23-Jan-2014 10:46:34 GMT"; Max-Age=0; Path=/". Unable to parse expires attribute: "Thu, 23-Jan-2014 10:46:34 GMT"
2014-01-28 10:46:34,156 ERROR [Worker-8] - System.err - Jan 28, 2014 10:46:34 AM org.apache.http.client.protocol.ResponseProcessCookies processCookies
WARNING: Invalid cookie header: "Set-Cookie: webflash=; expires="Thu, 23-Jan-2014 10:46:34 GMT"; Max-Age=0; Path=/". Unable to parse expires attribute: "Thu, 23-Jan-2014 10:46:34 GMT"
2014-01-28 10:46:34,157 ERROR [Worker-8] - System.err - Jan 28, 2014 10:46:34 AM org.apache.http.client.protocol.ResponseProcessCookies processCookies
WARNING: Invalid cookie header: "Set-Cookie: webflash=; expires="Thu, 23-Jan-2014 10:46:34 GMT"; Max-Age=0; Path=/". Unable to parse expires attribute: "Thu, 23-Jan-2014 10:46:34 GMT"
2014-01-28 10:46:34,159 ERROR [Worker-8] - System.err - Jan 28, 2014 10:46:34 AM org.apache.http.client.protocol.ResponseProcessCookies processCookies
WARNING: Invalid cookie header: "Set-Cookie: webflash=; expires="Thu, 23-Jan-2014 10:46:34 GMT"; Max-Age=0; Path=/". Unable to parse expires attribute: "Thu, 23-Jan-2014 10:46:34 GMT"
2014-01-28 10:46:34,160 ERROR [Worker-8] - System.err - Jan 28, 2014 10:46:34 AM org.apache.http.client.protocol.ResponseProcessCookies processCookies
WARNING: Invalid cookie header: "Set-Cookie: VISITOR=52e78a8adab0ca46ce6c5939; expires="Fri, 26-Jan-2024 10:46:34 GMT"; httponly; Max-Age=315360000; Path=/". Unable to parse expires attribute: "Fri, 26-Jan-2024 10:46:34 GMT"
2014-01-28 10:46:35,508 ERROR [Worker-13] - System.err - Jan 28, 2014 10:46:35 AM org.apache.http.client.protocol.ResponseProcessCookies processCookies
WARNING: Invalid cookie header: "Set-Cookie: VISITOR=52e78a8bbf503f723960ddb8; expires="Fri, 26-Jan-2024 10:46:35 GMT"; httponly; Max-Age=315360000; Path=/". Unable to parse expires attribute: "Fri, 26-Jan-2024 10:46:35 GMT"
2014-01-28 10:46:35,791 ERROR [Worker-13] - System.err - Jan 28, 2014 10:46:35 AM org.apache.http.client.protocol.ResponseProcessCookies processCookies
WARNING: Invalid cookie header: "Set-Cookie: VISITOR=52e78a8bbf503f723960ddb8; expires="Fri, 26-Jan-2024 10:46:35 GMT"; httponly; Max-Age=315360000; Path=/". Unable to parse expires attribute: "Fri, 26-Jan-2024 10:46:35 GMT"
2014-01-28 10:47:30,951 ERROR [Worker-12] - System.err - Jan 28, 2014 10:47:30 AM org.apache.http.client.protocol.ResponseProcessCookies processCookies
WARNING: Invalid cookie header: "Set-Cookie: webflash=; expires="Thu, 23-Jan-2014 10:47:30 GMT"; Max-Age=0; Path=/". Unable to parse expires attribute: "Thu, 23-Jan-2014 10:47:30 GMT"
2014-01-28 10:47:30,952 ERROR [Worker-12] - System.err - Jan 28, 2014 10:47:30 AM org.apache.http.client.protocol.ResponseProcessCookies processCookies
WARNING: Invalid cookie header: "Set-Cookie: webflash=; expires="Thu, 23-Jan-2014 10:47:30 GMT"; Max-Age=0; Path=/". Unable to parse expires attribute: "Thu, 23-Jan-2014 10:47:30 GMT"
2014-01-28 10:47:30,953 ERROR [Worker-12] - System.err - Jan 28, 2014 10:47:30 AM org.apache.http.client.protocol.ResponseProcessCookies processCookies
WARNING: Invalid cookie header: "Set-Cookie: webflash=; expires="Thu, 23-Jan-2014 10:47:30 GMT"; Max-Age=0; Path=/". Unable to parse expires attribute: "Thu, 23-Jan-2014 10:47:30 GMT"
2014-01-28 10:47:30,954 ERROR [Worker-12] - System.err - Jan 28, 2014 10:47:30 AM org.apache.http.client.protocol.ResponseProcessCookies processCookies
WARNING: Invalid cookie header: "Set-Cookie: webflash=; expires="Thu, 23-Jan-2014 10:47:30 GMT"; Max-Age=0; Path=/". Unable to parse expires attribute: "Thu, 23-Jan-2014 10:47:30 GMT"
2014-01-28 10:47:30,955 ERROR [Worker-12] - System.err - Jan 28, 2014 10:47:30 AM org.apache.http.client.protocol.ResponseProcessCookies processCookies
WARNING: Invalid cookie header: "Set-Cookie: VISITOR=52e78ac243a74e679c59e3ca; expires="Fri, 26-Jan-2024 10:47:30 GMT"; httponly; Max-Age=315360000; Path=/". Unable to parse expires attribute: "Fri, 26-Jan-2024 10:47:30 GMT"
2014-01-28 10:47:32,301 ERROR [Worker-13] - System.err - Jan 28, 2014 10:47:32 AM org.apache.http.client.protocol.ResponseProcessCookies processCookies
WARNING: Invalid cookie header: "Set-Cookie: VISITOR=52e78ac443a74e679b4cd791; expires="Fri, 26-Jan-2024 10:47:32 GMT"; httponly; Max-Age=315360000; Path=/". Unable to parse expires attribute: "Fri, 26-Jan-2024 10:47:32 GMT"
2014-01-28 10:47:32,626 ERROR [Worker-13] - System.err - Jan 28, 2014 10:47:32 AM org.apache.http.client.protocol.ResponseProcessCookies processCookies
WARNING: Invalid cookie header: "Set-Cookie: VISITOR=52e78ac443a74e679b4cd791; expires="Fri, 26-Jan-2024 10:47:32 GMT"; httponly; Max-Age=315360000; Path=/". Unable to parse expires attribute: "Fri, 26-Jan-2024 10:47:32 GMT"
2014-01-28 10:47:34,353 ERROR [Worker-8] - System.err - Jan 28, 2014 10:47:34 AM org.apache.http.client.protocol.ResponseProcessCookies processCookies
WARNING: Invalid cookie header: "Set-Cookie: webflash=; expires="Thu, 23-Jan-2014 10:47:34 GMT"; Max-Age=0; Path=/". Unable to parse expires attribute: "Thu, 23-Jan-2014 10:47:34 GMT"
2014-01-28 10:47:34,354 ERROR [Worker-8] - System.err - Jan 28, 2014 10:47:34 AM org.apache.http.client.protocol.ResponseProcessCookies processCookies
WARNING: Invalid cookie header: "Set-Cookie: webflash=; expires="Thu, 23-Jan-2014 10:47:34 GMT"; Max-Age=0; Path=/". Unable to parse expires attribute: "Thu, 23-Jan-2014 10:47:34 GMT"
2014-01-28 10:47:34,354 ERROR [Worker-8] - System.err - Jan 28, 2014 10:47:34 AM org.apache.http.client.protocol.ResponseProcessCookies processCookies
WARNING: Invalid cookie header: "Set-Cookie: webflash=; expires="Thu, 23-Jan-2014 10:47:34 GMT"; Max-Age=0; Path=/". Unable to parse expires attribute: "Thu, 23-Jan-2014 10:47:34 GMT"
2014-01-28 10:47:34,355 ERROR [Worker-8] - System.err - Jan 28, 2014 10:47:34 AM org.apache.http.client.protocol.ResponseProcessCookies processCookies
WARNING: Invalid cookie header: "Set-Cookie: webflash=; expires="Thu, 23-Jan-2014 10:47:34 GMT"; Max-Age=0; Path=/". Unable to parse expires attribute: "Thu, 23-Jan-2014 10:47:34 GMT"
2014-01-28 10:47:34,356 ERROR [Worker-8] - System.err - Jan 28, 2014 10:47:34 AM org.apache.http.client.protocol.ResponseProcessCookies processCookies
WARNING: Invalid cookie header: "Set-Cookie: VISITOR=52e78ac6eeac0f3d8ad5f0e1; expires="Fri, 26-Jan-2024 10:47:34 GMT"; httponly; Max-Age=315360000; Path=/". Unable to parse expires attribute: "Fri, 26-Jan-2024 10:47:34 GMT"
2014-01-28 10:47:35,654 ERROR [Worker-9] - System.err - Jan 28, 2014 10:47:35 AM org.apache.http.client.protocol.ResponseProcessCookies processCookies
WARNING: Invalid cookie header: "Set-Cookie: VISITOR=52e78ac7bf503f72338b8cbc; expires="Fri, 26-Jan-2024 10:47:35 GMT"; httponly; Max-Age=315360000; Path=/". Unable to parse expires attribute: "Fri, 26-Jan-2024 10:47:35 GMT"
2014-01-28 10:47:36,038 ERROR [Worker-9] - System.err - Jan 28, 2014 10:47:36 AM org.apache.http.client.protocol.ResponseProcessCookies processCookies
WARNING: Invalid cookie header: "Set-Cookie: VISITOR=52e78ac7bf503f72338b8cbc; expires="Fri, 26-Jan-2024 10:47:35 GMT"; httponly; Max-Age=315360000; Path=/". Unable to parse expires attribute: "Fri, 26-Jan-2024 10:47:35 GMT"
2014-01-28 10:48:59,328 ERROR [Worker-3] - System.err - Jan 28, 2014 10:48:59 AM com.aragost.javahg.log.JULLogger info
INFO: Copy resource /javahg.py to /Users/keith/.javahg/tmp/1390906139288-0/javahg.py
2014-01-28 10:48:59,859 ERROR [Worker-3] - System.err - Jan 28, 2014 10:48:59 AM com.aragost.javahg.log.JULLogger info
INFO: Command server started: /Users/keith
2014-01-28 10:49:07,840 ERROR [main] - System.err - log4j:WARN No appenders could be found for logger (org.springsource.ide.eclipse.commons.core.templates.TemplateProcessor).
2014-01-28 10:49:07,841 ERROR [main] - System.err - log4j:WARN Please initialize the log4j system properly.
2014-01-28 10:53:00,474 ERROR [main] - System.err - log4j:WARN No appenders could be found for logger (org.springsource.ide.eclipse.commons.core.templates.TemplateProcessor).
2014-01-28 10:53:00,474 ERROR [main] - System.err - log4j:WARN Please initialize the log4j system properly.
2014-01-28 11:04:53,932 ERROR [Worker-7] - System.err - java.lang.reflect.InvocationTargetException
2014-01-28 11:04:53,933 ERROR [Worker-7] - System.err - at sun.reflect.NativeMethodAccessorImpl.invoke0(Native Method)
2014-01-28 11:04:53,933 ERROR [Worker-7] - System.err - at sun.reflect.NativeMethodAccessorImpl.invoke(NativeMethodAccessorImpl.java:62)
2014-01-28 11:04:53,933 ERROR [Worker-7] - System.err - at sun.reflect.DelegatingMethodAccessorImpl.invoke(DelegatingMethodAccessorImpl.java:43)
2014-01-28 11:04:53,933 ERROR [Worker-7] - System.err - at java.lang.reflect.Method.invoke(Method.java:483)
2014-01-28 11:04:53,934 ERROR [Worker-7] - System.err - at org.springframework.ide.eclipse.roo.core.RooCoreActivator.invokeMethod(RooCoreActivator.java:100)
2014-01-28 11:04:53,934 ERROR [Worker-7] - System.err - at org.springframework.ide.eclipse.roo.core.RooCoreActivator.registerHttpPgpUrlHandler(RooCoreActivator.java:127)
2014-01-28 11:04:53,934 ERROR [Worker-7] - System.err - at org.springframework.ide.eclipse.roo.core.RooCoreActivator.access$0(RooCoreActivator.java:107)
2014-01-28 11:04:53,934 ERROR [Worker-7] - System.err - at org.springframework.ide.eclipse.roo.core.RooCoreActivator$1.run(RooCoreActivator.java:78)
2014-01-28 11:04:53,934 ERROR [Worker-7] - System.err - at org.eclipse.core.internal.jobs.Worker.run(Worker.java:53)
2014-01-28 11:04:53,934 ERROR [Worker-7] - System.err - Caused by: java.lang.NullPointerException
2014-01-28 11:04:53,934 ERROR [Worker-7] - System.err - at org.eclipse.equinox.weaving.adaptors.WeavingAdaptorFactory.getHost(WeavingAdaptorFactory.java:102)
2014-01-28 11:04:53,934 ERROR [Worker-7] - System.err - at org.eclipse.equinox.weaving.hooks.WeavingHook.getHostBundleAdaptor(WeavingHook.java:78)
2014-01-28 11:04:53,934 ERROR [Worker-7] - System.err - at org.eclipse.equinox.weaving.hooks.BundleAdaptorProvider.getAdaptor(BundleAdaptorProvider.java:32)
2014-01-28 11:04:53,934 ERROR [Worker-7] - System.err - at org.eclipse.equinox.weaving.hooks.AbstractWeavingBundleFile.getAdaptor(AbstractWeavingBundleFile.java:58)
2014-01-28 11:04:53,934 ERROR [Worker-7] - System.err - at org.eclipse.equinox.weaving.hooks.WeavingBundleFile.getEntry(WeavingBundleFile.java:61)
2014-01-28 11:04:53,934 ERROR [Worker-7] - System.err - at org.eclipse.osgi.baseadaptor.bundlefile.BundleFileWrapperChain.getEntry(BundleFileWrapperChain.java:43)
2014-01-28 11:04:53,934 ERROR [Worker-7] - System.err - at org.eclipse.osgi.baseadaptor.BaseData.getEntry0(BaseData.java:114)
2014-01-28 11:04:53,934 ERROR [Worker-7] - System.err - at org.eclipse.osgi.baseadaptor.BaseData.getEntry(BaseData.java:105)
2014-01-28 11:04:53,935 ERROR [Worker-7] - System.err - at org.eclipse.osgi.baseadaptor.BaseAdaptor$4.getNextElement(BaseAdaptor.java:559)
2014-01-28 11:04:53,935 ERROR [Worker-7] - System.err - at org.eclipse.osgi.baseadaptor.BaseAdaptor$4.nextElement(BaseAdaptor.java:546)
2014-01-28 11:04:53,935 ERROR [Worker-7] - System.err - at org.eclipse.osgi.baseadaptor.BaseAdaptor$4.nextElement(BaseAdaptor.java:1)
2014-01-28 11:04:53,935 ERROR [Worker-7] - System.err - at org.springframework.roo.support.osgi.OSGiUtils$2.execute(OSGiUtils.java:101)
2014-01-28 11:04:53,935 ERROR [Worker-7] - System.err - at org.springframework.roo.support.osgi.OSGiUtils.execute(OSGiUtils.java:138)
2014-01-28 11:04:53,935 ERROR [Worker-7] - System.err - at org.springframework.roo.support.osgi.OSGiUtils.findEntriesByPattern(OSGiUtils.java:95)
2014-01-28 11:04:53,935 ERROR [Worker-7] - System.err - at org.springframework.roo.felix.pgp.PgpServiceImpl.trustDefaultKeys(PgpServiceImpl.java:98)
2014-01-28 11:04:53,935 ERROR [Worker-7] - System.err - ... 9 more
2014-01-28 14:14:33,580 ERROR [main] - System.err - log4j:WARN No appenders could be found for logger (org.springsource.ide.eclipse.commons.core.templates.TemplateProcessor).
2014-01-28 14:14:33,581 ERROR [main] - System.err - log4j:WARN Please initialize the log4j system properly.
2014-01-30 14:49:07,265 ERROR [main] - System.err - log4j:WARN No appenders could be found for logger (org.springsource.ide.eclipse.commons.core.templates.TemplateProcessor).
2014-01-30 14:49:07,268 ERROR [main] - System.err - log4j:WARN Please initialize the log4j system properly.
2014-01-30 14:50:31,082 ERROR [Worker-0] - System.err - java.lang.reflect.InvocationTargetException
2014-01-30 14:50:31,083 ERROR [Worker-0] - System.err - at sun.reflect.NativeMethodAccessorImpl.invoke0(Native Method)
2014-01-30 14:50:31,083 ERROR [Worker-0] - System.err - at sun.reflect.NativeMethodAccessorImpl.invoke(NativeMethodAccessorImpl.java:62)
2014-01-30 14:50:31,083 ERROR [Worker-0] - System.err - at sun.reflect.DelegatingMethodAccessorImpl.invoke(DelegatingMethodAccessorImpl.java:43)
2014-01-30 14:50:31,083 ERROR [Worker-0] - System.err - at java.lang.reflect.Method.invoke(Method.java:483)
2014-01-30 14:50:31,083 ERROR [Worker-0] - System.err - at org.springframework.ide.eclipse.roo.core.RooCoreActivator.invokeMethod(RooCoreActivator.java:100)
2014-01-30 14:50:31,083 ERROR [Worker-0] - System.err - at org.springframework.ide.eclipse.roo.core.RooCoreActivator.registerHttpPgpUrlHandler(RooCoreActivator.java:127)
2014-01-30 14:50:31,083 ERROR [Worker-0] - System.err - at org.springframework.ide.eclipse.roo.core.RooCoreActivator.access$0(RooCoreActivator.java:107)
2014-01-30 14:50:31,083 ERROR [Worker-0] - System.err - at org.springframework.ide.eclipse.roo.core.RooCoreActivator$1.run(RooCoreActivator.java:78)
2014-01-30 14:50:31,083 ERROR [Worker-0] - System.err - at org.eclipse.core.internal.jobs.Worker.run(Worker.java:53)
2014-01-30 14:50:31,084 ERROR [Worker-0] - System.err - Caused by: java.lang.NullPointerException
2014-01-30 14:50:31,084 ERROR [Worker-0] - System.err - at org.eclipse.equinox.weaving.adaptors.WeavingAdaptorFactory.getHost(WeavingAdaptorFactory.java:102)
2014-01-30 14:50:31,084 ERROR [Worker-0] - System.err - at org.eclipse.equinox.weaving.hooks.WeavingHook.getHostBundleAdaptor(WeavingHook.java:78)
2014-01-30 14:50:31,084 ERROR [Worker-0] - System.err - at org.eclipse.equinox.weaving.hooks.BundleAdaptorProvider.getAdaptor(BundleAdaptorProvider.java:32)
2014-01-30 14:50:31,084 ERROR [Worker-0] - System.err - at org.eclipse.equinox.weaving.hooks.AbstractWeavingBundleFile.getAdaptor(AbstractWeavingBundleFile.java:58)
2014-01-30 14:50:31,084 ERROR [Worker-0] - System.err - at org.eclipse.equinox.weaving.hooks.WeavingBundleFile.getEntry(WeavingBundleFile.java:61)
2014-01-30 14:50:31,084 ERROR [Worker-0] - System.err - at org.eclipse.osgi.baseadaptor.bundlefile.BundleFileWrapperChain.getEntry(BundleFileWrapperChain.java:43)
2014-01-30 14:50:31,084 ERROR [Worker-0] - System.err - at org.eclipse.osgi.baseadaptor.BaseData.getEntry0(BaseData.java:114)
2014-01-30 14:50:31,084 ERROR [Worker-0] - System.err - at org.eclipse.osgi.baseadaptor.BaseData.getEntry(BaseData.java:105)
2014-01-30 14:50:31,084 ERROR [Worker-0] - System.err - at org.eclipse.osgi.baseadaptor.BaseAdaptor$4.getNextElement(BaseAdaptor.java:559)
2014-01-30 14:50:31,084 ERROR [Worker-0] - System.err - at org.eclipse.osgi.baseadaptor.BaseAdaptor$4.nextElement(BaseAdaptor.java:546)
2014-01-30 14:50:31,084 ERROR [Worker-0] - System.err - at org.eclipse.osgi.baseadaptor.BaseAdaptor$4.nextElement(BaseAdaptor.java:1)
2014-01-30 14:50:31,084 ERROR [Worker-0] - System.err - at org.springframework.roo.support.osgi.OSGiUtils$2.execute(OSGiUtils.java:101)
2014-01-30 14:50:31,084 ERROR [Worker-0] - System.err - at org.springframework.roo.support.osgi.OSGiUtils.execute(OSGiUtils.java:138)
2014-01-30 14:50:31,085 ERROR [Worker-0] - System.err - at org.springframework.roo.support.osgi.OSGiUtils.findEntriesByPattern(OSGiUtils.java:95)
2014-01-30 14:50:31,085 ERROR [Worker-0] - System.err - at org.springframework.roo.felix.pgp.PgpServiceImpl.trustDefaultKeys(PgpServiceImpl.java:98)
2014-01-30 14:50:31,085 ERROR [Worker-0] - System.err - ... 9 more
2014-01-30 14:51:05,407 ERROR [Worker-5] - System.err - Jan 30, 2014 2:51:05 PM org.apache.http.client.protocol.ResponseProcessCookies processCookies
WARNING: Invalid cookie header: "Set-Cookie: webflash=; expires="Sat, 25-Jan-2014 14:51:05 GMT"; Max-Age=0; Path=/". Unable to parse expires attribute: "Sat, 25-Jan-2014 14:51:05 GMT"
2014-01-30 14:51:05,408 ERROR [Worker-5] - System.err - Jan 30, 2014 2:51:05 PM org.apache.http.client.protocol.ResponseProcessCookies processCookies
WARNING: Invalid cookie header: "Set-Cookie: webflash=; expires="Sat, 25-Jan-2014 14:51:05 GMT"; Max-Age=0; Path=/". Unable to parse expires attribute: "Sat, 25-Jan-2014 14:51:05 GMT"
2014-01-30 14:51:05,409 ERROR [Worker-5] - System.err - Jan 30, 2014 2:51:05 PM org.apache.http.client.protocol.ResponseProcessCookies processCookies
WARNING: Invalid cookie header: "Set-Cookie: webflash=; expires="Sat, 25-Jan-2014 14:51:05 GMT"; Max-Age=0; Path=/". Unable to parse expires attribute: "Sat, 25-Jan-2014 14:51:05 GMT"
2014-01-30 14:51:05,410 ERROR [Worker-5] - System.err - Jan 30, 2014 2:51:05 PM org.apache.http.client.protocol.ResponseProcessCookies processCookies
WARNING: Invalid cookie header: "Set-Cookie: webflash=; expires="Sat, 25-Jan-2014 14:51:05 GMT"; Max-Age=0; Path=/". Unable to parse expires attribute: "Sat, 25-Jan-2014 14:51:05 GMT"
2014-01-30 14:51:05,411 ERROR [Worker-5] - System.err - Jan 30, 2014 2:51:05 PM org.apache.http.client.protocol.ResponseProcessCookies processCookies
WARNING: Invalid cookie header: "Set-Cookie: VISITOR=52ea66d9ebbb9215171beced; expires="Sun, 28-Jan-2024 14:51:05 GMT"; httponly; Max-Age=315360000; Path=/". Unable to parse expires attribute: "Sun, 28-Jan-2024 14:51:05 GMT"
2014-01-30 14:51:06,964 ERROR [Worker-6] - System.err - Jan 30, 2014 2:51:06 PM org.apache.http.client.protocol.ResponseProcessCookies processCookies
WARNING: Invalid cookie header: "Set-Cookie: VISITOR=52ea66dacc0a451a1b43a19d; expires="Sun, 28-Jan-2024 14:51:06 GMT"; httponly; Max-Age=315360000; Path=/". Unable to parse expires attribute: "Sun, 28-Jan-2024 14:51:06 GMT"
2014-01-30 14:51:07,297 ERROR [Worker-6] - System.err - Jan 30, 2014 2:51:07 PM org.apache.http.client.protocol.ResponseProcessCookies processCookies
WARNING: Invalid cookie header: "Set-Cookie: VISITOR=52ea66dacc0a451a1b43a19d; expires="Sun, 28-Jan-2024 14:51:07 GMT"; httponly; Max-Age=315360000; Path=/". Unable to parse expires attribute: "Sun, 28-Jan-2024 14:51:07 GMT"
2014-01-30 15:49:33,125 ERROR [main] - System.err - log4j:WARN No appenders could be found for logger (org.springsource.ide.eclipse.commons.core.templates.TemplateProcessor).
2014-01-30 15:49:33,126 ERROR [main] - System.err - log4j:WARN Please initialize the log4j system properly.
2014-01-30 16:10:15,107 ERROR [main] - System.err - log4j:WARN No appenders could be found for logger (org.springsource.ide.eclipse.commons.core.templates.TemplateProcessor).
2014-01-30 16:10:15,108 ERROR [main] - System.err - log4j:WARN Please initialize the log4j system properly.
2014-01-30 17:44:37,216 ERROR [main] - System.err - log4j:WARN No appenders could be found for logger (org.springsource.ide.eclipse.commons.core.templates.TemplateProcessor).
2014-01-30 17:44:37,217 ERROR [main] - System.err - log4j:WARN Please initialize the log4j system properly.
2014-02-02 16:34:57,565 ERROR [main] - System.err - log4j:WARN No appenders could be found for logger (org.springsource.ide.eclipse.commons.core.templates.TemplateProcessor).
2014-02-02 16:34:57,566 ERROR [main] - System.err - log4j:WARN Please initialize the log4j system properly.
2014-02-02 17:12:12,422 ERROR [Worker-0] - System.err - [Fatal Error] :110:4: The element type "build" must be terminated by the matching end-tag "</build>".
2014-02-02 17:12:24,134 ERROR [Worker-7] - System.err - [Fatal Error] :110:4: The element type "build" must be terminated by the matching end-tag "</build>".
2014-02-02 17:12:27,134 ERROR [Worker-3] - System.err - [Fatal Error] :110:4: The element type "build" must be terminated by the matching end-tag "</build>".
2014-02-02 17:12:31,999 ERROR [Worker-5] - System.err - [Fatal Error] :110:4: The element type "build" must be terminated by the matching end-tag "</build>".
2014-02-02 17:12:34,148 ERROR [Worker-3] - System.err - [Fatal Error] :110:4: The element type "build" must be terminated by the matching end-tag "</build>".
2014-02-02 17:14:42,536 ERROR [Worker-5] - System.err - Feb 02, 2014 5:14:42 PM org.apache.http.client.protocol.ResponseProcessCookies processCookies
WARNING: Invalid cookie header: "Set-Cookie: webflash=; expires="Tue, 28-Jan-2014 17:14:42 GMT"; Max-Age=0; Path=/". Unable to parse expires attribute: "Tue, 28-Jan-2014 17:14:42 GMT"
2014-02-02 17:14:42,537 ERROR [Worker-5] - System.err - Feb 02, 2014 5:14:42 PM org.apache.http.client.protocol.ResponseProcessCookies processCookies
WARNING: Invalid cookie header: "Set-Cookie: webflash=; expires="Tue, 28-Jan-2014 17:14:42 GMT"; Max-Age=0; Path=/". Unable to parse expires attribute: "Tue, 28-Jan-2014 17:14:42 GMT"
2014-02-02 17:14:42,538 ERROR [Worker-5] - System.err - Feb 02, 2014 5:14:42 PM org.apache.http.client.protocol.ResponseProcessCookies processCookies
WARNING: Invalid cookie header: "Set-Cookie: webflash=; expires="Tue, 28-Jan-2014 17:14:42 GMT"; Max-Age=0; Path=/". Unable to parse expires attribute: "Tue, 28-Jan-2014 17:14:42 GMT"
2014-02-02 17:14:42,539 ERROR [Worker-5] - System.err - Feb 02, 2014 5:14:42 PM org.apache.http.client.protocol.ResponseProcessCookies processCookies
WARNING: Invalid cookie header: "Set-Cookie: webflash=; expires="Tue, 28-Jan-2014 17:14:42 GMT"; Max-Age=0; Path=/". Unable to parse expires attribute: "Tue, 28-Jan-2014 17:14:42 GMT"
2014-02-02 17:14:42,540 ERROR [Worker-5] - System.err - Feb 02, 2014 5:14:42 PM org.apache.http.client.protocol.ResponseProcessCookies processCookies
WARNING: Invalid cookie header: "Set-Cookie: VISITOR=52ee7d02dab0ca1c8a82b846; expires="Wed, 31-Jan-2024 17:14:42 GMT"; httponly; Max-Age=315360000; Path=/". Unable to parse expires attribute: "Wed, 31-Jan-2024 17:14:42 GMT"
2014-02-02 17:14:44,393 ERROR [Worker-8] - System.err - Feb 02, 2014 5:14:44 PM org.apache.http.client.protocol.ResponseProcessCookies processCookies
WARNING: Invalid cookie header: "Set-Cookie: webflash=; expires="Tue, 28-Jan-2014 17:14:44 GMT"; Max-Age=0; Path=/". Unable to parse expires attribute: "Tue, 28-Jan-2014 17:14:44 GMT"
2014-02-02 17:14:44,394 ERROR [Worker-8] - System.err - Feb 02, 2014 5:14:44 PM org.apache.http.client.protocol.ResponseProcessCookies processCookies
WARNING: Invalid cookie header: "Set-Cookie: webflash=; expires="Tue, 28-Jan-2014 17:14:44 GMT"; Max-Age=0; Path=/". Unable to parse expires attribute: "Tue, 28-Jan-2014 17:14:44 GMT"
2014-02-02 17:14:44,394 ERROR [Worker-8] - System.err - Feb 02, 2014 5:14:44 PM org.apache.http.client.protocol.ResponseProcessCookies processCookies
WARNING: Invalid cookie header: "Set-Cookie: webflash=; expires="Tue, 28-Jan-2014 17:14:44 GMT"; Max-Age=0; Path=/". Unable to parse expires attribute: "Tue, 28-Jan-2014 17:14:44 GMT"
2014-02-02 17:14:44,395 ERROR [Worker-8] - System.err - Feb 02, 2014 5:14:44 PM org.apache.http.client.protocol.ResponseProcessCookies processCookies
WARNING: Invalid cookie header: "Set-Cookie: webflash=; expires="Tue, 28-Jan-2014 17:14:44 GMT"; Max-Age=0; Path=/". Unable to parse expires attribute: "Tue, 28-Jan-2014 17:14:44 GMT"
2014-02-02 17:14:44,396 ERROR [Worker-8] - System.err - Feb 02, 2014 5:14:44 PM org.apache.http.client.protocol.ResponseProcessCookies processCookies
WARNING: Invalid cookie header: "Set-Cookie: VISITOR=52ee7d04d059df4afd702066; expires="Wed, 31-Jan-2024 17:14:44 GMT"; httponly; Max-Age=315360000; Path=/". Unable to parse expires attribute: "Wed, 31-Jan-2024 17:14:44 GMT"
2014-02-02 17:14:47,129 ERROR [Worker-6] - System.err - Feb 02, 2014 5:14:47 PM org.apache.http.client.protocol.ResponseProcessCookies processCookies
WARNING: Invalid cookie header: "Set-Cookie: webflash=; expires="Tue, 28-Jan-2014 17:14:46 GMT"; Max-Age=0; Path=/". Unable to parse expires attribute: "Tue, 28-Jan-2014 17:14:46 GMT"
2014-02-02 17:14:47,130 ERROR [Worker-6] - System.err - Feb 02, 2014 5:14:47 PM org.apache.http.client.protocol.ResponseProcessCookies processCookies
WARNING: Invalid cookie header: "Set-Cookie: webflash=; expires="Tue, 28-Jan-2014 17:14:46 GMT"; Max-Age=0; Path=/". Unable to parse expires attribute: "Tue, 28-Jan-2014 17:14:46 GMT"
2014-02-02 17:14:47,131 ERROR [Worker-6] - System.err - Feb 02, 2014 5:14:47 PM org.apache.http.client.protocol.ResponseProcessCookies processCookies
WARNING: Invalid cookie header: "Set-Cookie: webflash=; expires="Tue, 28-Jan-2014 17:14:46 GMT"; Max-Age=0; Path=/". Unable to parse expires attribute: "Tue, 28-Jan-2014 17:14:46 GMT"
2014-02-02 17:14:47,131 ERROR [Worker-6] - System.err - Feb 02, 2014 5:14:47 PM org.apache.http.client.protocol.ResponseProcessCookies processCookies
WARNING: Invalid cookie header: "Set-Cookie: webflash=; expires="Tue, 28-Jan-2014 17:14:46 GMT"; Max-Age=0; Path=/". Unable to parse expires attribute: "Tue, 28-Jan-2014 17:14:46 GMT"
2014-02-02 17:14:47,132 ERROR [Worker-6] - System.err - Feb 02, 2014 5:14:47 PM org.apache.http.client.protocol.ResponseProcessCookies processCookies
WARNING: Invalid cookie header: "Set-Cookie: VISITOR=52ee7d065228cb2d2bb9d7fd; expires="Wed, 31-Jan-2024 17:14:46 GMT"; httponly; Max-Age=315360000; Path=/". Unable to parse expires attribute: "Wed, 31-Jan-2024 17:14:46 GMT"
2014-02-02 17:14:49,479 ERROR [Worker-7] - System.err - Feb 02, 2014 5:14:49 PM org.apache.http.client.protocol.ResponseProcessCookies processCookies
WARNING: Invalid cookie header: "Set-Cookie: webflash=; expires="Tue, 28-Jan-2014 17:14:49 GMT"; Max-Age=0; Path=/". Unable to parse expires attribute: "Tue, 28-Jan-2014 17:14:49 GMT"
2014-02-02 17:14:49,480 ERROR [Worker-7] - System.err - Feb 02, 2014 5:14:49 PM org.apache.http.client.protocol.ResponseProcessCookies processCookies
WARNING: Invalid cookie header: "Set-Cookie: webflash=; expires="Tue, 28-Jan-2014 17:14:49 GMT"; Max-Age=0; Path=/". Unable to parse expires attribute: "Tue, 28-Jan-2014 17:14:49 GMT"
2014-02-02 17:14:49,481 ERROR [Worker-7] - System.err - Feb 02, 2014 5:14:49 PM org.apache.http.client.protocol.ResponseProcessCookies processCookies
WARNING: Invalid cookie header: "Set-Cookie: webflash=; expires="Tue, 28-Jan-2014 17:14:49 GMT"; Max-Age=0; Path=/". Unable to parse expires attribute: "Tue, 28-Jan-2014 17:14:49 GMT"
2014-02-02 17:14:49,481 ERROR [Worker-7] - System.err - Feb 02, 2014 5:14:49 PM org.apache.http.client.protocol.ResponseProcessCookies processCookies
WARNING: Invalid cookie header: "Set-Cookie: webflash=; expires="Tue, 28-Jan-2014 17:14:49 GMT"; Max-Age=0; Path=/". Unable to parse expires attribute: "Tue, 28-Jan-2014 17:14:49 GMT"
2014-02-02 17:14:49,482 ERROR [Worker-7] - System.err - Feb 02, 2014 5:14:49 PM org.apache.http.client.protocol.ResponseProcessCookies processCookies
WARNING: Invalid cookie header: "Set-Cookie: VISITOR=52ee7d09fbd789377f81f697; expires="Wed, 31-Jan-2024 17:14:49 GMT"; httponly; Max-Age=315360000; Path=/". Unable to parse expires attribute: "Wed, 31-Jan-2024 17:14:49 GMT"
2014-02-02 17:14:50,426 ERROR [Worker-4] - System.err - Feb 02, 2014 5:14:50 PM org.apache.http.client.protocol.ResponseProcessCookies processCookies
WARNING: Invalid cookie header: "Set-Cookie: VISITOR=52ee7d09ebbb9275fb2f9d41; expires="Wed, 31-Jan-2024 17:14:50 GMT"; httponly; Max-Age=315360000; Path=/". Unable to parse expires attribute: "Wed, 31-Jan-2024 17:14:50 GMT"
2014-02-02 17:14:50,969 ERROR [Worker-4] - System.err - Feb 02, 2014 5:14:50 PM org.apache.http.client.protocol.ResponseProcessCookies processCookies
WARNING: Invalid cookie header: "Set-Cookie: VISITOR=52ee7d09ebbb9275fb2f9d41; expires="Wed, 31-Jan-2024 17:14:50 GMT"; httponly; Max-Age=315360000; Path=/". Unable to parse expires attribute: "Wed, 31-Jan-2024 17:14:50 GMT"
2014-02-03 19:38:51,809 ERROR [Worker-6] - System.err - java.lang.reflect.InvocationTargetException
2014-02-03 19:38:51,811 ERROR [Worker-6] - System.err - at sun.reflect.NativeMethodAccessorImpl.invoke0(Native Method)
2014-02-03 19:38:51,811 ERROR [Worker-6] - System.err - at sun.reflect.NativeMethodAccessorImpl.invoke(NativeMethodAccessorImpl.java:62)
2014-02-03 19:38:51,811 ERROR [Worker-6] - System.err - at sun.reflect.DelegatingMethodAccessorImpl.invoke(DelegatingMethodAccessorImpl.java:43)
2014-02-03 19:38:51,811 ERROR [Worker-6] - System.err - at java.lang.reflect.Method.invoke(Method.java:483)
2014-02-03 19:38:51,811 ERROR [Worker-6] - System.err - at org.springframework.ide.eclipse.roo.core.RooCoreActivator.invokeMethod(RooCoreActivator.java:100)
2014-02-03 19:38:51,811 ERROR [Worker-6] - System.err - at org.springframework.ide.eclipse.roo.core.RooCoreActivator.registerHttpPgpUrlHandler(RooCoreActivator.java:127)
2014-02-03 19:38:51,811 ERROR [Worker-6] - System.err - at org.springframework.ide.eclipse.roo.core.RooCoreActivator.access$0(RooCoreActivator.java:107)
2014-02-03 19:38:51,811 ERROR [Worker-6] - System.err - at org.springframework.ide.eclipse.roo.core.RooCoreActivator$1.run(RooCoreActivator.java:78)
2014-02-03 19:38:51,811 ERROR [Worker-6] - System.err - at org.eclipse.core.internal.jobs.Worker.run(Worker.java:53)
2014-02-03 19:38:51,812 ERROR [Worker-6] - System.err - Caused by: java.lang.NullPointerException
2014-02-03 19:38:51,812 ERROR [Worker-6] - System.err - at org.eclipse.equinox.weaving.adaptors.WeavingAdaptorFactory.getHost(WeavingAdaptorFactory.java:102)
2014-02-03 19:38:51,812 ERROR [Worker-6] - System.err - at org.eclipse.equinox.weaving.hooks.WeavingHook.getHostBundleAdaptor(WeavingHook.java:78)
2014-02-03 19:38:51,812 ERROR [Worker-6] - System.err - at org.eclipse.equinox.weaving.hooks.BundleAdaptorProvider.getAdaptor(BundleAdaptorProvider.java:32)
2014-02-03 19:38:51,812 ERROR [Worker-6] - System.err - at org.eclipse.equinox.weaving.hooks.AbstractWeavingBundleFile.getAdaptor(AbstractWeavingBundleFile.java:58)
2014-02-03 19:38:51,812 ERROR [Worker-6] - System.err - at org.eclipse.equinox.weaving.hooks.WeavingBundleFile.getEntry(WeavingBundleFile.java:61)
2014-02-03 19:38:51,812 ERROR [Worker-6] - System.err - at org.eclipse.osgi.baseadaptor.bundlefile.BundleFileWrapperChain.getEntry(BundleFileWrapperChain.java:43)
2014-02-03 19:38:51,812 ERROR [Worker-6] - System.err - at org.eclipse.osgi.baseadaptor.BaseData.getEntry0(BaseData.java:114)
2014-02-03 19:38:51,812 ERROR [Worker-6] - System.err - at org.eclipse.osgi.baseadaptor.BaseData.getEntry(BaseData.java:105)
2014-02-03 19:38:51,812 ERROR [Worker-6] - System.err - at org.eclipse.osgi.baseadaptor.BaseAdaptor$4.getNextElement(BaseAdaptor.java:559)
2014-02-03 19:38:51,812 ERROR [Worker-6] - System.err - at org.eclipse.osgi.baseadaptor.BaseAdaptor$4.nextElement(BaseAdaptor.java:546)
2014-02-03 19:38:51,813 ERROR [Worker-6] - System.err - at org.eclipse.osgi.baseadaptor.BaseAdaptor$4.nextElement(BaseAdaptor.java:1)
2014-02-03 19:38:51,813 ERROR [Worker-6] - System.err - at org.springframework.roo.support.osgi.OSGiUtils$2.execute(OSGiUtils.java:101)
2014-02-03 19:38:51,813 ERROR [Worker-6] - System.err - at org.springframework.roo.support.osgi.OSGiUtils.execute(OSGiUtils.java:138)
2014-02-03 19:38:51,813 ERROR [Worker-6] - System.err - at org.springframework.roo.support.osgi.OSGiUtils.findEntriesByPattern(OSGiUtils.java:95)
2014-02-03 19:38:51,813 ERROR [Worker-6] - System.err - at org.springframework.roo.felix.pgp.PgpServiceImpl.trustDefaultKeys(PgpServiceImpl.java:98)
2014-02-03 19:38:51,813 ERROR [Worker-6] - System.err - ... 9 more
2015-01-13 12:47:13,739  WARN [Worker-6] - ScalaProject - Project weekTwoScala has platform default sourceLevel.
2015-01-13 12:47:13,742  WARN [Worker-6] - ScalaProject - Project weekTwoScala runs on platform default installation.
2015-01-13 12:51:24,792  WARN [Worker-3] - ScalaProject - Project weekTwoScala has platform default sourceLevel.
2015-01-13 12:51:24,795  WARN [Worker-3] - ScalaProject - Project weekTwoScala runs on platform default installation.
2015-01-13 12:51:26,719  WARN [Worker-4] - ScalaProject - Project weekTwoScala has platform default sourceLevel.
2015-01-13 12:51:26,722  WARN [Worker-4] - ScalaProject - Project weekTwoScala runs on platform default installation.
2015-01-13 12:53:56,349  WARN [Worker-4] - ScalaProject - Project weekTwoScala has platform default sourceLevel.
2015-01-13 12:53:56,356  WARN [Worker-4] - ScalaProject - Project weekTwoScala runs on platform default installation.
2015-01-13 12:53:58,492  WARN [Worker-6] - ScalaProject - Project weekTwoScala has platform default sourceLevel.
2015-01-13 12:53:58,493  WARN [Worker-6] - ScalaProject - Project weekTwoScala runs on platform default installation.
2015-01-13 12:55:07,061  WARN [Worker-1] - ScalaProject - Project weekTwoScala has platform default sourceLevel.
2015-01-13 12:55:07,064  WARN [Worker-1] - ScalaProject - Project weekTwoScala runs on platform default installation.
2015-01-13 12:55:08,827  WARN [Worker-3] - ScalaProject - Project weekTwoScala has platform default sourceLevel.
2015-01-13 12:55:08,831  WARN [Worker-3] - ScalaProject - Project weekTwoScala runs on platform default installation.
2015-01-13 12:55:58,410  WARN [Worker-4] - ScalaProject - Project weekTwoScala has platform default sourceLevel.
2015-01-13 12:55:58,411  WARN [Worker-4] - ScalaProject - Project weekTwoScala runs on platform default installation.
2015-01-13 12:56:02,933  WARN [Worker-1] - ScalaProject - Project weekTwoScala has platform default sourceLevel.
2015-01-13 12:56:02,934  WARN [Worker-1] - ScalaProject - Project weekTwoScala runs on platform default installation.
2015-01-13 12:56:06,545  WARN [Worker-3] - ScalaProject - Project weekTwoScala has platform default sourceLevel.
2015-01-13 12:56:06,545  WARN [Worker-3] - ScalaProject - Project weekTwoScala runs on platform default installation.
2015-01-13 12:56:16,085  WARN [Worker-5] - ScalaProject - Project weekTwoScala has platform default sourceLevel.
2015-01-13 12:56:16,086  WARN [Worker-5] - ScalaProject - Project weekTwoScala runs on platform default installation.
2015-01-13 12:56:18,112  WARN [Worker-1] - ScalaProject - Project weekTwoScala has platform default sourceLevel.
2015-01-13 12:56:18,112  WARN [Worker-1] - ScalaProject - Project weekTwoScala runs on platform default installation.
2015-01-13 12:56:26,057  WARN [Worker-4] - ScalaProject - Project weekTwoScala has platform default sourceLevel.
2015-01-13 12:56:26,057  WARN [Worker-4] - ScalaProject - Project weekTwoScala runs on platform default installation.
2015-01-13 12:56:27,820  WARN [Worker-0] - ScalaProject - Project weekTwoScala has platform default sourceLevel.
2015-01-13 12:56:27,820  WARN [Worker-0] - ScalaProject - Project weekTwoScala runs on platform default installation.
2015-01-13 12:56:34,269  WARN [Worker-4] - ScalaProject - Project weekTwoScala has platform default sourceLevel.
2015-01-13 12:56:34,270  WARN [Worker-4] - ScalaProject - Project weekTwoScala runs on platform default installation.
2015-01-13 12:56:36,298  WARN [Worker-0] - ScalaProject - Project weekTwoScala has platform default sourceLevel.
2015-01-13 12:56:36,299  WARN [Worker-0] - ScalaProject - Project weekTwoScala runs on platform default installation.
2015-01-13 12:56:39,763  WARN [Worker-2] - ScalaProject - Project weekTwoScala has platform default sourceLevel.
2015-01-13 12:56:39,763  WARN [Worker-2] - ScalaProject - Project weekTwoScala runs on platform default installation.
2015-01-13 12:56:40,787  WARN [Worker-3] - ScalaProject - Project weekTwoScala has platform default sourceLevel.
2015-01-13 12:56:40,788  WARN [Worker-3] - ScalaProject - Project weekTwoScala runs on platform default installation.
2015-01-13 19:44:24,875  WARN [Worker-3] - ScalaProject - Project weekTwoScala has platform default sourceLevel.
2015-01-13 19:44:24,882  WARN [Worker-3] - ScalaProject - Project weekTwoScala runs on platform default installation.
2015-01-13 19:44:27,467  WARN [Worker-1] - ScalaProject - Project weekTwoScala has platform default sourceLevel.
2015-01-13 19:44:27,471  WARN [Worker-1] - ScalaProject - Project weekTwoScala runs on platform default installation.
2015-01-13 19:44:33,098  WARN [Worker-0] - ScalaProject - Project weekTwoScala has platform default sourceLevel.
2015-01-13 19:44:33,098  WARN [Worker-0] - ScalaProject - Project weekTwoScala runs on platform default installation.
2015-01-13 20:09:05,607  WARN [Worker-6] - ScalaProject - Project weekTwoScala has platform default sourceLevel.
2015-01-13 20:09:05,622  WARN [Worker-6] - ScalaProject - Project weekTwoScala runs on platform default installation.
2015-01-13 20:23:24,072  WARN [Worker-4] - ScalaProject - Project weekTwoScala has platform default sourceLevel.
2015-01-13 20:23:24,087  WARN [Worker-4] - ScalaProject - Project weekTwoScala runs on platform default installation.
2015-01-13 20:24:18,851  WARN [Worker-7] - ScalaProject - Project weekTwoScala has platform default sourceLevel.
2015-01-13 20:24:18,852  WARN [Worker-7] - ScalaProject - Project weekTwoScala runs on platform default installation.
